app/build/intermediates/manifest_merge_blame_file/debug/manifest-merger-blame-debug-report.txt
1<?xml version="1.0" encoding="utf-8"?>
2<manifest xmlns:android="http://schemas.android.com/apk/res/android"
3    package="com.example.app1.stickerprinter"
4    android:versionCode="1"
5    android:versionName="1.0" >
6
7    <uses-sdk
8        android:minSdkVersion="16"
8-->src/main/AndroidManifest.xml
9        android:targetSdkVersion="30" />
9-->src/main/AndroidManifest.xml
10
11    <uses-permission android:name="android.permission.INTERNET" />
11-->src/main/AndroidManifest.xml:6:5-67
11-->src/main/AndroidManifest.xml:6:22-64
12    <uses-permission android:name="android.permission.ACCESS_WIFI_STATE" />
12-->src/main/AndroidManifest.xml:7:5-76
12-->src/main/AndroidManifest.xml:7:22-73
13    <uses-permission android:name="android.permission.CHANGE_WIFI_STATE" />
13-->src/main/AndroidManifest.xml:8:5-76
13-->src/main/AndroidManifest.xml:8:22-73
14    <uses-permission android:name="android.permission.CHANGE_WIFI_MULTICAST_STATE" />
14-->src/main/AndroidManifest.xml:9:5-86
14-->src/main/AndroidManifest.xml:9:22-83
15    <uses-permission android:name="android.permission.BLUETOOTH" />
15-->src/main/AndroidManifest.xml:10:5-68
15-->src/main/AndroidManifest.xml:10:22-65
16    <uses-permission android:name="android.permission.BLUETOOTH_ADMIN" />
16-->src/main/AndroidManifest.xml:11:5-74
16-->src/main/AndroidManifest.xml:11:22-71
17    <uses-permission android:name="android.permission.NFC" />
17-->src/main/AndroidManifest.xml:12:5-62
17-->src/main/AndroidManifest.xml:12:22-59
18    <uses-permission android:name="android.permission.CAMERA" />
18-->src/main/AndroidManifest.xml:13:5-65
18-->src/main/AndroidManifest.xml:13:22-62
19    <uses-permission android:name="android.permission.VIBRATE" />
19-->src/main/AndroidManifest.xml:14:5-66
19-->src/main/AndroidManifest.xml:14:22-63
20    <uses-permission android:name="android.permission.FLASHLIGHT" />
20-->src/main/AndroidManifest.xml:15:5-69
20-->src/main/AndroidManifest.xml:15:22-66
21    <uses-permission android:name="android.permission.WAKE_LOCK" />
21-->src/main/AndroidManifest.xml:16:5-68
21-->src/main/AndroidManifest.xml:16:22-65
22    <uses-permission android:name="android.permission.WRITE_EXTERNAL_STORAGE" />
22-->src/main/AndroidManifest.xml:17:5-81
22-->src/main/AndroidManifest.xml:17:22-78
23    <uses-permission android:name="android.permission.READ_EXTERNAL_STORAGE" />
23-->src/main/AndroidManifest.xml:18:5-80
23-->src/main/AndroidManifest.xml:18:22-77
24    <uses-permission android:name="android.permission.ACCESS_FINE_LOCATION" />
24-->src/main/AndroidManifest.xml:19:5-79
24-->src/main/AndroidManifest.xml:19:22-76
25    <uses-permission android:name="android.permission.ACCESS_COARSE_LOCATION" />
25-->src/main/AndroidManifest.xml:20:5-81
25-->src/main/AndroidManifest.xml:20:22-78
26
27    <uses-feature android:name="android.hardware.camera" />
27-->src/main/AndroidManifest.xml:23:5-60
27-->src/main/AndroidManifest.xml:23:19-57
28    <uses-feature android:name="android.hardware.camera.autofocus" />
28-->src/main/AndroidManifest.xml:24:5-70
28-->src/main/AndroidManifest.xml:24:19-67
29    <uses-feature
29-->src/main/AndroidManifest.xml:26:5-28:36
30        android:name="android.hardware.nfc"
30-->src/main/AndroidManifest.xml:27:9-44
31        android:required="false" />
31-->src/main/AndroidManifest.xml:28:9-33
32    <uses-feature
32-->src/main/AndroidManifest.xml:29:5-31:36
33        android:name="android.hardware.usb.host"
33-->src/main/AndroidManifest.xml:30:9-49
34        android:required="false" />
34-->src/main/AndroidManifest.xml:31:9-33
35    <uses-feature android:name="android.hardware.camera" />
35-->src/main/AndroidManifest.xml:23:5-60
35-->src/main/AndroidManifest.xml:23:19-57
36    <uses-feature android:name="android.hardware.camera.autofocus" />
36-->src/main/AndroidManifest.xml:24:5-70
36-->src/main/AndroidManifest.xml:24:19-67
37
38    <application
38-->src/main/AndroidManifest.xml:35:5-71:19
39        android:name="androidx.multidex.MultiDexApplication"
40        android:allowBackup="true"
40-->src/main/AndroidManifest.xml:36:9-35
41        android:appComponentFactory="androidx.core.app.CoreComponentFactory"
41-->[androidx.core:core:1.3.1] AndroidManifest.xml:24:18-86
42        android:debuggable="true"
43        android:icon="@mipmap/ic_launcher"
43-->src/main/AndroidManifest.xml:37:9-43
44        android:label="@string/app_name"
44-->src/main/AndroidManifest.xml:38:9-41
45        android:roundIcon="@mipmap/ic_launcher_round"
45-->src/main/AndroidManifest.xml:39:9-54
46        android:supportsRtl="true"
46-->src/main/AndroidManifest.xml:40:9-35
47        android:theme="@style/Theme.StickerPrinter" >
47-->src/main/AndroidManifest.xml:41:9-52
48        <activity
48-->src/main/AndroidManifest.xml:43:9-57:20
49            android:name="com.example.app1.stickerprinter.MainActivity"
49-->src/main/AndroidManifest.xml:44:13-41
50            android:launchMode="singleTop" >
50-->src/main/AndroidManifest.xml:45:13-43
51            <intent-filter>
51-->src/main/AndroidManifest.xml:46:13-56:29
52                <action android:name="android.intent.action.MAIN" />
52-->src/main/AndroidManifest.xml:47:17-69
52-->src/main/AndroidManifest.xml:47:25-66
53
54                <category android:name="android.intent.category.LAUNCHER" />
54-->src/main/AndroidManifest.xml:49:17-77
54-->src/main/AndroidManifest.xml:49:27-74
55
56                <action android:name="com.example.app1.stickerprinter" />
56-->src/main/AndroidManifest.xml:51:17-74
56-->src/main/AndroidManifest.xml:51:25-71
57
58                <category android:name="android.intent.category.DEFAULT" />
58-->src/main/AndroidManifest.xml:53:17-76
58-->src/main/AndroidManifest.xml:53:27-73
59
60                <data android:mimeType="text/plain" />
60-->src/main/AndroidManifest.xml:55:17-55
60-->src/main/AndroidManifest.xml:55:23-52
61            </intent-filter>
62        </activity>
63        <activity
63-->src/main/AndroidManifest.xml:59:9-61:40
64            android:name="com.example.app1.stickerprinter.zebra.ZebraActivity"
64-->src/main/AndroidManifest.xml:60:13-48
65            android:exported="false" />
65-->src/main/AndroidManifest.xml:61:13-37
66        <activity
66-->src/main/AndroidManifest.xml:63:9-70:63
67            android:name="com.google.zxing.client.android.CaptureActivity"
67-->src/main/AndroidManifest.xml:64:13-75
68            android:clearTaskOnLaunch="true"
68-->src/main/AndroidManifest.xml:65:13-45
69            android:configChanges="orientation|keyboardHidden"
69-->src/main/AndroidManifest.xml:66:13-63
70            android:screenOrientation="landscape"
70-->src/main/AndroidManifest.xml:67:13-50
71            android:stateNotNeeded="true"
71-->src/main/AndroidManifest.xml:68:13-42
72            android:theme="@android:style/Theme.NoTitleBar.Fullscreen"
72-->src/main/AndroidManifest.xml:69:13-71
73            android:windowSoftInputMode="stateAlwaysHidden" />
73-->src/main/AndroidManifest.xml:70:13-60
74    </application>
75
76</manifest>